GROUP,PACKAGE,CLASS,INSTRUCTION_MISSED,INSTRUCTION_COVERED,BRANCH_MISSED,BRANCH_COVERED,LINE_MISSED,LINE_COVERED,COMPLEXITY_MISSED,COMPLEXITY_COVERED,METHOD_MISSED,METHOD_COVERED
microservicio-services,mx.com.example.services.stream,KafkaListeners,11,7,0,0,2,2,1,2,1,2
microservicio-services,mx.com.example.services.service.impl,MicroservicioServiceImpl,0,36,0,0,0,8,0,3,0,3
microservicio-services,mx.com.example.services.service.impl,MicroservicioServiceImpl.new TypeToken() {...},0,6,0,0,0,1,0,1,0,1
microservicio-services,mx.com.example.services.facade.impl,MicroservicioFacade,0,7,0,0,0,2,0,2,0,2
